<?xml version="1.0" encoding="UTF-8"?>
<testsuite xmlns:xsi="http://www.w3.org/2001/XMLSchema-instance" xsi:noNamespaceSchemaLocation="https://maven.apache.org/surefire/maven-surefire-plugin/xsd/surefire-test-report.xsd" name="com.zxd.test.AppTest" time="0.021" tests="1" errors="0" skipped="0" failures="0">
  <properties>
    <property name="sun.desktop" value="windows"/>
    <property name="awt.toolkit" value="sun.awt.windows.WToolkit"/>
    <property name="file.encoding.pkg" value="sun.io"/>
    <property name="java.specification.version" value="1.8"/>
    <property name="sun.cpu.isalist" value="amd64"/>
    <property name="sun.jnu.encoding" value="GBK"/>
    <property name="java.class.path" value="E:\Projects\Class-agent\target\test-classes;E:\Projects\Class-agent\target\classes;E:\mvn\repository\junit\junit\4.11\junit-4.11.jar;E:\mvn\repository\org\hamcrest\hamcrest-core\1.3\hamcrest-core-1.3.jar;"/>
    <property name="java.vm.vendor" value="Oracle Corporation"/>
    <property name="sun.arch.data.model" value="64"/>
    <property name="user.variant" value=""/>
    <property name="java.vendor.url" value="http://java.oracle.com/"/>
    <property name="user.timezone" value="Asia/Shanghai"/>
    <property name="java.vm.specification.version" value="1.8"/>
    <property name="os.name" value="Windows 7"/>
    <property name="user.country" value="CN"/>
    <property name="sun.java.launcher" value="SUN_STANDARD"/>
    <property name="sun.boot.library.path" value="C:\java\jdk1.8.0_112\jre\bin"/>
    <property name="sun.java.command" value="C:\Users\ZOUXIA~1\AppData\Local\Temp\surefire3632182701864000159\surefirebooter4493449944272565284.jar C:\Users\zouxiaodong\AppData\Local\Temp\surefire3632182701864000159 2019-02-01T11-07-03_197-jvmRun1 surefire7073863551477042936tmp surefire_04776191807718065953tmp"/>
    <property name="surefire.test.class.path" value="E:\Projects\Class-agent\target\test-classes;E:\Projects\Class-agent\target\classes;E:\mvn\repository\junit\junit\4.11\junit-4.11.jar;E:\mvn\repository\org\hamcrest\hamcrest-core\1.3\hamcrest-core-1.3.jar;"/>
    <property name="sun.cpu.endian" value="little"/>
    <property name="user.home" value="C:\Users\zouxiaodong"/>
    <property name="user.language" value="zh"/>
    <property name="java.specification.vendor" value="Oracle Corporation"/>
    <property name="java.home" value="C:\java\jdk1.8.0_112\jre"/>
    <property name="basedir" value="E:\Projects\Class-agent"/>
    <property name="file.separator" value="\"/>
    <property name="line.separator" value="&#10;"/>
    <property name="java.vm.specification.vendor" value="Oracle Corporation"/>
    <property name="java.specification.name" value="Java Platform API Specification"/>
    <property name="java.awt.graphicsenv" value="sun.awt.Win32GraphicsEnvironment"/>
    <property name="surefire.real.class.path" value="C:\Users\ZOUXIA~1\AppData\Local\Temp\surefire3632182701864000159\surefirebooter4493449944272565284.jar"/>
    <property name="sun.boot.class.path" value="C:\java\jdk1.8.0_112\jre\lib\resources.jar;C:\java\jdk1.8.0_112\jre\lib\rt.jar;C:\java\jdk1.8.0_112\jre\lib\sunrsasign.jar;C:\java\jdk1.8.0_112\jre\lib\jsse.jar;C:\java\jdk1.8.0_112\jre\lib\jce.jar;C:\java\jdk1.8.0_112\jre\lib\charsets.jar;C:\java\jdk1.8.0_112\jre\lib\jfr.jar;C:\java\jdk1.8.0_112\jre\classes"/>
    <property name="user.script" value=""/>
    <property name="sun.management.compiler" value="HotSpot 64-Bit Tiered Compilers"/>
    <property name="java.runtime.version" value="1.8.0_112-b15"/>
    <property name="user.name" value="zouxiaodong"/>
    <property name="path.separator" value=";"/>
    <property name="os.version" value="6.1"/>
    <property name="java.endorsed.dirs" value="C:\java\jdk1.8.0_112\jre\lib\endorsed"/>
    <property name="java.runtime.name" value="Java(TM) SE Runtime Environment"/>
    <property name="file.encoding" value="GBK"/>
    <property name="java.vm.name" value="Java HotSpot(TM) 64-Bit Server VM"/>
    <property name="localRepository" value="E:\mvn\repository"/>
    <property name="java.vendor.url.bug" value="http://bugreport.sun.com/bugreport/"/>
    <property name="java.io.tmpdir" value="C:\Users\ZOUXIA~1\AppData\Local\Temp\"/>
    <property name="idea.version" value="2016.2.5"/>
    <property name="java.version" value="1.8.0_112"/>
    <property name="user.dir" value="E:\Projects\Class-agent"/>
    <property name="os.arch" value="amd64"/>
    <property name="java.vm.specification.name" value="Java Virtual Machine Specification"/>
    <property name="java.awt.printerjob" value="sun.awt.windows.WPrinterJob"/>
    <property name="sun.os.patch.level" value="Service Pack 1"/>
    <property name="java.library.path" value="C:\java\jdk1.8.0_112\jre\bin;C:\Windows\Sun\Java\bin;C:\Windows\system32;C:\Windows;C:\ProgramData\Oracle\Java\javapath;C:\Windows\system32;C:\Windows;C:\Windows\System32\Wbem;C:\Windows\System32\WindowsPowerShell\v1.0\;C:\java\Git\cmd;D:\Program Files\TortoiseGit\bin;D:\Program Files\Anaconda2;D:\Program Files\Anaconda2\Scripts;D:\Program Files\Anaconda2\Library\bin;D:\Program Files\apache-maven-3.3.9\bin;C:\java\jdk1.8.0_112\bin;C:\java\jdk1.8.0_112\jre\bin;C:\Program Files\nodejs\;C:\Users\zouxiaodong\AppData\Roaming\npm;."/>
    <property name="java.vm.info" value="mixed mode"/>
    <property name="java.vendor" value="Oracle Corporation"/>
    <property name="java.vm.version" value="25.112-b15"/>
    <property name="java.ext.dirs" value="C:\java\jdk1.8.0_112\jre\lib\ext;C:\Windows\Sun\Java\lib\ext"/>
    <property name="sun.io.unicode.encoding" value="UnicodeLittle"/>
    <property name="maven.repo.local" value="E:\mvn\repository"/>
    <property name="java.class.version" value="52.0"/>
  </properties>
  <testcase name="shouldAnswerWithTrue" classname="com.zxd.test.AppTest" time="0.002"/>
</testsuite>